Traceback (most recent call last):
  File "G:\Learn\Onus get txn buy online\src\bots\listener_main.py", line 4, in <module>
    from src.config import BOT_TOKEN
ModuleNotFoundError: No module named 'src'
Bot exited with code 1. Restarting in 5s...
Traceback (most recent call last):
  File "G:\Learn\Onus get txn buy online\src\bots\listener_main.py", line 4, in <module>
    from src.config import BOT_TOKEN
ModuleNotFoundError: No module named 'src'
Bot exited with code 1. Restarting in 5s...
Traceback (most recent call last):
  File "G:\Learn\Onus get txn buy online\src\bots\listener_main.py", line 4, in <module>
    from src.config import BOT_TOKEN
ModuleNotFoundError: No module named 'src'
Bot exited with code 1. Restarting in 5s...
Traceback (most recent call last):
  File "G:\Learn\Onus get txn buy online\src\bots\listener_main.py", line 4, in <module>
    from src.config import BOT_TOKEN
ModuleNotFoundError: No module named 'src'
Bot exited with code 1. Restarting in 5s...
Traceback (most recent call last):
  File "G:\Learn\Onus get txn buy online\src\bots\listener_main.py", line 4, in <module>
    from src.config import BOT_TOKEN
ModuleNotFoundError: No module named 'src'
Bot exited with code 1. Restarting in 5s...
Traceback (most recent call last):
  File "G:\Learn\Onus get txn buy online\src\bots\listener_main.py", line 4, in <module>
    from src.config import BOT_TOKEN
ModuleNotFoundError: No module named 'src'
Bot exited with code 1. Restarting in 5s...
Traceback (most recent call last):
  File "G:\Learn\Onus get txn buy online\src\bots\listener_main.py", line 4, in <module>
    from src.config import BOT_TOKEN
ModuleNotFoundError: No module named 'src'
Bot exited with code 1. Restarting in 5s...
Traceback (most recent call last):
  File "G:\Learn\Onus get txn buy online\src\bots\listener_main.py", line 4, in <module>
    from src.config import BOT_TOKEN
ModuleNotFoundError: No module named 'src'
Bot exited with code 1. Restarting in 5s...
