2025-08-21 15:17:45,683 | INFO | main-bot | Deleted webhook & dropped pending updates.
2025-08-21 15:17:45,683 | INFO | main-bot | Starting bot...
2025-08-21 15:17:46,868 | INFO | telegram.ext.Application | Application started
2025-08-21 15:18:24,106 | INFO | group-logger | Logged sender_chat message: user_id= sender_chat=-1002961730138 via_bot=
2025-08-21 15:21:13,055 | INFO | group-logger | Logged sender_chat message: user_id= sender_chat=-1002961730138 via_bot=
2025-08-21 15:21:15,183 | INFO | group-logger | Logged sender_chat message: user_id= sender_chat=-1002961730138 via_bot=
2025-08-21 15:21:55,488 | INFO | group-logger | Logged sender_chat message: user_id= sender_chat=-1002961730138 via_bot=
2025-08-21 15:22:35,256 | INFO | group-logger | Logged sender_chat message: user_id= sender_chat=-1002961730138 via_bot=
2025-08-21 15:47:12,592 | INFO | group-logger | Logged sender_chat message: user_id= sender_chat=-1002961730138 via_bot=
2025-08-21 16:03:43,600 | INFO | group-logger | Logged sender_chat message: user_id= sender_chat=-1002961730138 via_bot=
2025-08-21 16:19:37,495 | ERROR | main-bot | Unhandled exception: httpx.ReadError: 
NoneType: None
2025-08-21 16:31:15,084 | ERROR | telegram.ext | Network Retry Loop (Polling Updates): Invalid token. Aborting retry loop.
Traceback (most recent call last):
  File "G:\Learn\Onus get txn buy online\.venv\Lib\site-packages\telegram\ext\_utils\networkloop.py", line 115, in network_retry_loop
    if not await do_action():
           ^^^^^^^^^^^^^^^^^
  File "G:\Learn\Onus get txn buy online\.venv\Lib\site-packages\telegram\ext\_utils\networkloop.py", line 108, in do_action
    return action_cb_task.result()
           ~~~~~~~~~~~~~~~~~~~~~^^
  File "G:\Learn\Onus get txn buy online\.venv\Lib\site-packages\telegram\ext\_updater.py", line 340, in polling_action_cb
    updates = await self.bot.get_updates(
              ^^^^^^^^^^^^^^^^^^^^^^^^^^^
    ...<3 lines>...
    )
    ^
  File "G:\Learn\Onus get txn buy online\.venv\Lib\site-packages\telegram\ext\_extbot.py", line 670, in get_updates
    updates = await super().get_updates(
              ^^^^^^^^^^^^^^^^^^^^^^^^^^
    ...<9 lines>...
    )
    ^
  File "G:\Learn\Onus get txn buy online\.venv\Lib\site-packages\telegram\_bot.py", line 4611, in get_updates
    await self._post(
    ^^^^^^^^^^^^^^^^^
    ...<7 lines>...
    ),
    ^
  File "G:\Learn\Onus get txn buy online\.venv\Lib\site-packages\telegram\_bot.py", line 698, in _post
    return await self._do_post(
           ^^^^^^^^^^^^^^^^^^^^
    ...<6 lines>...
    )
    ^
  File "G:\Learn\Onus get txn buy online\.venv\Lib\site-packages\telegram\ext\_extbot.py", line 370, in _do_post
    return await super()._do_post(
           ^^^^^^^^^^^^^^^^^^^^^^^
    ...<6 lines>...
    )
    ^
  File "G:\Learn\Onus get txn buy online\.venv\Lib\site-packages\telegram\_bot.py", line 727, in _do_post
    result = await request.post(
             ^^^^^^^^^^^^^^^^^^^
    ...<6 lines>...
    )
    ^
  File "G:\Learn\Onus get txn buy online\.venv\Lib\site-packages\telegram\request\_baserequest.py", line 197, in post
    result = await self._request_wrapper(
             ^^^^^^^^^^^^^^^^^^^^^^^^^^^^
    ...<7 lines>...
    )
    ^
  File "G:\Learn\Onus get txn buy online\.venv\Lib\site-packages\telegram\request\_baserequest.py", line 374, in _request_wrapper
    raise exception
telegram.error.InvalidToken: Unauthorized
